<?xml version="1.0" encoding="UTF-8"?>
<!-- Generated by org.testng.reporters.JUnitReportReporter -->
<testsuite hostname="DIN67000193" name="com.sunlight.test.LoginPage" tests="1" failures="0" timestamp="4 Oct 2018 06:52:30 GMT" time="0.016" errors="0">
  <testcase name="login1" time="0.016" classname="com.sunlight.test.LoginPage"/>
</testsuite> <!-- com.sunlight.test.LoginPage -->
