<?xml version="1.0" encoding="UTF-8"?>
<!-- Generated by org.testng.reporters.JUnitReportReporter -->
<testsuite hostname="DIN67000193" name="NewTest" tests="1" failures="0" timestamp="4 Oct 2018 05:19:35 GMT" time="0.034" errors="0">
  <testcase name="login1" time="0.034" classname="NewTest"/>
</testsuite> <!-- NewTest -->
