<?xml version="1.0" encoding="UTF-8"?>
<!-- Generated by org.testng.reporters.JUnitReportReporter -->
<testsuite hostname="DIN67000193" name="com.sunlight.test.AddUserTest" tests="1" failures="0" timestamp="9 Oct 2018 11:47:02 GMT" time="0.044" errors="0">
  <testcase name="AddUserTest" time="0.044" classname="com.sunlight.test.AddUserTest"/>
</testsuite> <!-- com.sunlight.test.AddUserTest -->
